<?xml version="1.0" encoding="UTF-8"?>
<testsuite xmlns:xsi="http://www.w3.org/2001/XMLSchema-instance" xsi:schemaLocation="https://maven.apache.org/surefire/maven-surefire-plugin/xsd/surefire-test-report.xsd" name="SWAPI.StarshipsTest" time="1.927" tests="6" errors="0" skipped="0" failures="0">
  <properties>
[...]
</properties>
  <testcase name="getAllStarshipsList" classname="SWAPI.StarshipsTest" time="0.376"/>
  <testcase name="getStarshipById" classname="SWAPI.StarshipsTest" time="0.298"/>
  <testcase name="getStarshipWithQueryParam{String}[1]" classname="SWAPI.StarshipsTest" time="0.31"/>
  <testcase name="getStarshipWithQueryParam{String}[2]" classname="SWAPI.StarshipsTest" time="0.294"/>
  <testcase name="getStarshipWithQueryParam{String}[3]" classname="SWAPI.StarshipsTest" time="0.311"/>
  <testcase name="getFilmWithPathVariable" classname="SWAPI.StarshipsTest" time="0.329"/>
</testsuite>